<?xml version="1.0" encoding="UTF-8"?>
<testsuite xmlns:xsi="http://www.w3.org/2001/XMLSchema-instance" xsi:noNamespaceSchemaLocation="https://maven.apache.org/surefire/maven-surefire-plugin/xsd/surefire-test-report.xsd" name="rockets.mining.RocketMinerUnitTest" time="0.346" tests="17" errors="0" skipped="0" failures="0">
  <properties>
[...]
</properties>
  <testcase name="shouldReturnHighestRevenueLaunchServiceProvidersWithFixedK{int}[1]" classname="rockets.mining.RocketMinerUnitTest" time="0.192"/>
  <testcase name="shouldReturnTopMostReliableLaunchServiceProviders{int}[1]" classname="rockets.mining.RocketMinerUnitTest" time="0.012"/>
  <testcase name="shouldReturnTopMostReliableLaunchServiceProviders{int}[2]" classname="rockets.mining.RocketMinerUnitTest" time="0.008"/>
  <testcase name="shouldReturnTopMostReliableLaunchServiceProviders{int}[3]" classname="rockets.mining.RocketMinerUnitTest" time="0.01"/>
  <testcase name="shouldReturnHighestRevenueLaunchServiceProvidersWithFixedYear{int}[1]" classname="rockets.mining.RocketMinerUnitTest" time="0.007"/>
  <testcase name="shouldReturnHighestRevenueLaunchServiceProvidersWithFixedYear{int}[2]" classname="rockets.mining.RocketMinerUnitTest" time="0.006"/>
  <testcase name="shouldReturnHighestRevenueLaunchServiceProvidersWithFixedYear{int}[3]" classname="rockets.mining.RocketMinerUnitTest" time="0.006"/>
  <testcase name="shouldReturnTopDominantCountries{String}[1]" classname="rockets.mining.RocketMinerUnitTest" time="0.006"/>
  <testcase name="shouldReturnTopMostExpensiveLaunches{int}[1]" classname="rockets.mining.RocketMinerUnitTest" time="0.009"/>
  <testcase name="shouldReturnTopMostExpensiveLaunches{int}[2]" classname="rockets.mining.RocketMinerUnitTest" time="0.01"/>
  <testcase name="shouldReturnTopMostExpensiveLaunches{int}[3]" classname="rockets.mining.RocketMinerUnitTest" time="0.007"/>
  <testcase name="shouldReturnTopMostLaunchedRockets{int}[1]" classname="rockets.mining.RocketMinerUnitTest" time="0.008"/>
  <testcase name="shouldReturnTopMostLaunchedRockets{int}[2]" classname="rockets.mining.RocketMinerUnitTest" time="0.008"/>
  <testcase name="shouldReturnTopMostLaunchedRockets{int}[3]" classname="rockets.mining.RocketMinerUnitTest" time="0.006"/>
  <testcase name="shouldReturnTopMostRecentLaunches{int}[1]" classname="rockets.mining.RocketMinerUnitTest" time="0.007"/>
  <testcase name="shouldReturnTopMostRecentLaunches{int}[2]" classname="rockets.mining.RocketMinerUnitTest" time="0.006"/>
  <testcase name="shouldReturnTopMostRecentLaunches{int}[3]" classname="rockets.mining.RocketMinerUnitTest" time="0.005"/>
</testsuite>